0 info it worked if it ends with ok
1 verbose cli [ '/usr/bin/nodejs', '/usr/bin/npm', 'start' ]
2 info using npm@3.3.10
3 info using node@v4.2.1
4 verbose run-script [ 'prestart', 'start', 'poststart' ]
5 info lifecycle opiniated_template@1.0.0~prestart: opiniated_template@1.0.0
6 silly lifecycle opiniated_template@1.0.0~prestart: no script for prestart, continuing
7 info lifecycle opiniated_template@1.0.0~start: opiniated_template@1.0.0
8 verbose lifecycle opiniated_template@1.0.0~start: unsafe-perm in lifecycle true
9 verbose lifecycle opiniated_template@1.0.0~start: PATH: /usr/lib/node_modules/npm/bin/node-gyp-bin:/home/jpaul/dev/opiniated_template/node_modules/.bin:/usr/local/bin:/usr/bin:/bin:/usr/local/games:/usr/games
10 verbose lifecycle opiniated_template@1.0.0~start: CWD: /home/jpaul/dev/opiniated_template
11 silly lifecycle opiniated_template@1.0.0~start: Args: [ '-c',
11 silly lifecycle   'node_modules/webpack-dev-server/bin/webpack-dev-server' ]
12 info lifecycle opiniated_template@1.0.0~start: Failed to exec start script
13 verbose stack Error: opiniated_template@1.0.0 start: `node_modules/webpack-dev-server/bin/webpack-dev-server`
13 verbose stack spawn ENOENT
13 verbose stack     at ChildProcess.<anonymous> (/usr/lib/node_modules/npm/lib/utils/spawn.js:17:16)
13 verbose stack     at emitTwo (events.js:87:13)
13 verbose stack     at ChildProcess.emit (events.js:172:7)
13 verbose stack     at maybeClose (internal/child_process.js:818:16)
13 verbose stack     at Process.ChildProcess._handle.onexit (internal/child_process.js:211:5)
14 verbose pkgid opiniated_template@1.0.0
15 verbose cwd /home/jpaul/dev/opiniated_template
16 error Linux 3.16.0-4-amd64
17 error argv "/usr/bin/nodejs" "/usr/bin/npm" "start"
18 error node v4.2.1
19 error npm  v3.3.10
20 error file sh
21 error code ELIFECYCLE
22 error errno ENOENT
23 error syscall spawn
24 error opiniated_template@1.0.0 start: `node_modules/webpack-dev-server/bin/webpack-dev-server`
24 error spawn ENOENT
25 error Failed at the opiniated_template@1.0.0 start script 'node_modules/webpack-dev-server/bin/webpack-dev-server'.
25 error Make sure you have the latest version of node.js and npm installed.
25 error If you do, this is most likely a problem with the opiniated_template package,
25 error not with npm itself.
25 error Tell the author that this fails on your system:
25 error     node_modules/webpack-dev-server/bin/webpack-dev-server
25 error You can get their info via:
25 error     npm owner ls opiniated_template
25 error There is likely additional logging output above.
26 verbose exit [ 1, true ]
